<?xml version="1.0" encoding="UTF-8"?>
<!-- Generated by org.testng.reporters.JUnitReportReporter -->
<testsuite hostname="IFOCUSODC-PC34" name="com.viacom.smokescripts_tab.Up_Arrow_functionality_tab" tests="1" failures="0" timestamp="24 May 2018 06:15:15 GMT" time="14.460" errors="0">
  <testcase name="clickUpArrow" time="14.460" classname="com.viacom.smokescripts_tab.Up_Arrow_functionality_tab"/>
</testsuite> <!-- com.viacom.smokescripts_tab.Up_Arrow_functionality_tab -->
