<?xml version="1.0" encoding="UTF-8"?>
<!-- Generated by org.testng.reporters.JUnitReportReporter -->
<testsuite hostname="IFOCUSODC-PC14" name="com.viacom.smoketestscripts.SignupFunctionalityTest" tests="1" failures="0" timestamp="26 Jul 2018 22:15:15 GMT" time="706.373" errors="0">
  <testcase name="signUpFunctionality" time="706.373" classname="com.viacom.smoketestscripts.SignupFunctionalityTest"/>
</testsuite> <!-- com.viacom.smoketestscripts.SignupFunctionalityTest -->
