<?xml version="1.0" encoding="UTF-8"?>
<!-- Generated by org.testng.reporters.JUnitReportReporter -->
<testsuite hostname="IFOCUSODC-PC34" name="com.viacom.smokescripts_tab.Player_functionality_tab" tests="1" failures="0" timestamp="13 Jun 2018 06:25:36 GMT" time="17.988" errors="0">
  <testcase name="clickUpArrow" time="17.988" classname="com.viacom.smokescripts_tab.Player_functionality_tab"/>
</testsuite> <!-- com.viacom.smokescripts_tab.Player_functionality_tab -->
