<?xml version="1.0" encoding="UTF-8"?>
<!-- Generated by org.testng.reporters.JUnitReportReporter -->
<testsuite hostname="IFOCUSODC-PC34" name="com.viacom.smoketestscripts.LoginFunctionalityTest" tests="1" failures="0" timestamp="18 Jun 2018 09:18:22 GMT" time="412.332" errors="0">
  <testcase name="loginTest" time="412.332" classname="com.viacom.smoketestscripts.LoginFunctionalityTest"/>
</testsuite> <!-- com.viacom.smoketestscripts.LoginFunctionalityTest -->
