<?xml version="1.0" encoding="UTF-8"?>
<!-- Generated by org.testng.reporters.JUnitReportReporter -->
<testsuite hostname="IFOCUSODC-PC34" name="com.viacom.smokescripts_tab.vootkids_tab" tests="1" failures="0" timestamp="13 Jun 2018 10:18:41 GMT" time="788.493" errors="1">
  <testcase name="videoPlayback" time="788.493" classname="com.viacom.smokescripts_tab.vootkids_tab">
    <error type="org.openqa.selenium.remote.SessionNotFoundException" message="A session is either terminated or not started (WARNING: The server did not provide any stacktrace information)
Command duration or timeout: 15 milliseconds
Build info: version: &#039;2.53.0&#039;, revision: &#039;35ae25b&#039;, time: &#039;2016-03-15 17:00:58&#039;
System info: host: &#039;IFOCUSODC-PC34&#039;, ip: &#039;192.168.0.162&#039;, os.name: &#039;Windows 8.1&#039;, os.arch: &#039;amd64&#039;, os.version: &#039;6.3&#039;, java.version: &#039;1.8.0_161&#039;
Driver info: io.appium.java_client.android.AndroidDriver
Capabilities [{appPackage=com.tv.vootkids, noReset=true, deviceName=4200a46cb468a267, fullReset=false, platform=LINUX, deviceUDID=4200a46cb468a267, desired={appPackage=com.tv.vootkids, appActivity=com.tv.vootkids.ui.home.VKHomeActivity, noReset=true, newCommandTimeout=300, BROWSER_NAME=Android, VERSION=6.0.1, autoDismissAlerts=true, platformName=Android, udid=4200a46cb468a267, deviceName=Samsung on 5, fullReset=false}, newCommandTimeout=300, platformVersion=6.0.1, webStorageEnabled=false, takesScreenshot=true, javascriptEnabled=true, platformName=Android, udid=4200a46cb468a267, deviceManufacturer=samsung, deviceScreenSize=720x1280, networkConnectionEnabled=true, warnings={}, autoDismissAlerts=true, databaseEnabled=false, appActivity=com.tv.vootkids.ui.home.VKHomeActivity, BROWSER_NAME=Android, locationContextEnabled=false, VERSION=6.0.1, deviceModel=SM-G550FY}]
Session ID: 2f9e439a-f982-49ae-ad20-1c51b4978e2b">
      <![CDATA[org.openqa.selenium.remote.SessionNotFoundException: A session is either terminated or not started (WARNING: The server did not provide any stacktrace information)
Command duration or timeout: 15 milliseconds
Build info: version: '2.53.0', revision: '35ae25b', time: '2016-03-15 17:00:58'
System info: host: 'IFOCUSODC-PC34', ip: '192.168.0.162', os.name: 'Windows 8.1', os.arch: 'amd64', os.version: '6.3', java.version: '1.8.0_161'
Driver info: io.appium.java_client.android.AndroidDriver
Capabilities [{appPackage=com.tv.vootkids, noReset=true, deviceName=4200a46cb468a267, fullReset=false, platform=LINUX, deviceUDID=4200a46cb468a267, desired={appPackage=com.tv.vootkids, appActivity=com.tv.vootkids.ui.home.VKHomeActivity, noReset=true, newCommandTimeout=300, BROWSER_NAME=Android, VERSION=6.0.1, autoDismissAlerts=true, platformName=Android, udid=4200a46cb468a267, deviceName=Samsung on 5, fullReset=false}, newCommandTimeout=300, platformVersion=6.0.1, webStorageEnabled=false, takesScreenshot=true, javascriptEnabled=true, platformName=Android, udid=4200a46cb468a267, deviceManufacturer=samsung, deviceScreenSize=720x1280, networkConnectionEnabled=true, warnings={}, autoDismissAlerts=true, databaseEnabled=false, appActivity=com.tv.vootkids.ui.home.VKHomeActivity, BROWSER_NAME=Android, locationContextEnabled=false, VERSION=6.0.1, deviceModel=SM-G550FY}]
Session ID: 2f9e439a-f982-49ae-ad20-1c51b4978e2b
	at sun.reflect.NativeConstructorAccessorImpl.newInstance0(Native Method)
	at sun.reflect.NativeConstructorAccessorImpl.newInstance(Unknown Source)
	at sun.reflect.DelegatingConstructorAccessorImpl.newInstance(Unknown Source)
	at java.lang.reflect.Constructor.newInstance(Unknown Source)
	at org.openqa.selenium.remote.ErrorHandler.createThrowable(ErrorHandler.java:206)
	at org.openqa.selenium.remote.ErrorHandler.throwIfResponseFailed(ErrorHandler.java:158)
	at org.openqa.selenium.remote.RemoteWebDriver.execute(RemoteWebDriver.java:678)
	at io.appium.java_client.DefaultGenericMobileDriver.execute(DefaultGenericMobileDriver.java:40)
	at io.appium.java_client.AppiumDriver.execute(AppiumDriver.java:1)
	at io.appium.java_client.android.AndroidDriver.execute(AndroidDriver.java:1)
	at org.openqa.selenium.remote.RemoteWebDriver$RemoteWebDriverOptions$RemoteTimeouts.implicitlyWait(RemoteWebDriver.java:865)
	at io.appium.java_client.pagefactory.AppiumElementLocator.changeImplicitlyWaitTimeOut(AppiumElementLocator.java:75)
	at io.appium.java_client.pagefactory.AppiumElementLocator.waitFor(AppiumElementLocator.java:92)
	at io.appium.java_client.pagefactory.AppiumElementLocator.findElement(AppiumElementLocator.java:103)
	at io.appium.java_client.pagefactory.interceptors.InterceptorOfASingleElement.intercept(InterceptorOfASingleElement.java:57)
	at io.appium.java_client.android.AndroidElement$$EnhancerByCGLIB$$b7b4ff72.click(<generated>)
	at com.viacom.smokescripts_tab.vootkids_tab.videoPlayback(vootkids_tab.java:290)
	at sun.reflect.NativeMethodAccessorImpl.invoke0(Native Method)
	at sun.reflect.NativeMethodAccessorImpl.invoke(Unknown Source)
	at sun.reflect.DelegatingMethodAccessorImpl.invoke(Unknown Source)
	at java.lang.reflect.Method.invoke(Unknown Source)
	at org.testng.internal.MethodInvocationHelper.invokeMethod(MethodInvocationHelper.java:85)
	at org.testng.internal.Invoker.invokeMethod(Invoker.java:639)
	at org.testng.internal.Invoker.invokeTestMethod(Invoker.java:816)
	at org.testng.internal.Invoker.invokeTestMethods(Invoker.java:1124)
	at org.testng.internal.TestMethodWorker.invokeTestMethods(TestMethodWorker.java:125)
	at org.testng.internal.TestMethodWorker.run(TestMethodWorker.java:108)
	at org.testng.TestRunner.privateRun(TestRunner.java:774)
	at org.testng.TestRunner.run(TestRunner.java:624)
	at org.testng.SuiteRunner.runTest(SuiteRunner.java:359)
	at org.testng.SuiteRunner.runSequentially(SuiteRunner.java:354)
	at org.testng.SuiteRunner.privateRun(SuiteRunner.java:312)
	at org.testng.SuiteRunner.run(SuiteRunner.java:261)
	at org.testng.SuiteRunnerWorker.runSuite(SuiteRunnerWorker.java:52)
	at org.testng.SuiteRunnerWorker.run(SuiteRunnerWorker.java:86)
	at org.testng.TestNG.runSuitesSequentially(TestNG.java:1215)
	at org.testng.TestNG.runSuitesLocally(TestNG.java:1140)
	at org.testng.TestNG.run(TestNG.java:1048)
	at org.testng.remote.AbstractRemoteTestNG.run(AbstractRemoteTestNG.java:114)
	at org.testng.remote.RemoteTestNG.initAndRun(RemoteTestNG.java:251)
	at org.testng.remote.RemoteTestNG.main(RemoteTestNG.java:77)
]]>
    </error>
  </testcase> <!-- videoPlayback -->
</testsuite> <!-- com.viacom.smokescripts_tab.vootkids_tab -->
