<?xml version="1.0" encoding="UTF-8"?>
<!-- Generated by org.testng.reporters.JUnitReportReporter -->
<testsuite hostname="IFOCUSODC-PC34" name="com.viacom.smokescripts_tab.testLogin" tests="1" failures="0" timestamp="13 Jun 2018 06:17:22 GMT" time="26.184" errors="0">
  <testcase name="loginTest" time="26.184" classname="com.viacom.smokescripts_tab.testLogin"/>
</testsuite> <!-- com.viacom.smokescripts_tab.testLogin -->
