<?xml version="1.0" encoding="UTF-8"?>
<!-- Generated by org.testng.reporters.JUnitReportReporter -->
<testsuite hostname="IFOCUS-LT31" name="com.viacom.smoketestscripts.Masthead_carouselScripts" tests="1" failures="0" timestamp="6 Jul 2018 07:19:20 GMT" time="182.220" errors="0">
  <testcase name="videoPlayback" time="182.220" classname="com.viacom.smoketestscripts.Masthead_carouselScripts"/>
</testsuite> <!-- com.viacom.smoketestscripts.Masthead_carouselScripts -->
