<?xml version="1.0" encoding="UTF-8"?>
<!-- Generated by org.testng.reporters.JUnitReportReporter -->
<testsuite hostname="IFOCUSODC-PC14" name="com.viacom.smoketestscripts.signupFunctionalityCreateProfilePageTest" tests="1" failures="0" timestamp="26 Jul 2018 22:15:15 GMT" time="422.917" errors="0">
  <testcase name="signUpFunctionalityCreateProfilePage" time="422.917" classname="com.viacom.smoketestscripts.signupFunctionalityCreateProfilePageTest"/>
</testsuite> <!-- com.viacom.smoketestscripts.signupFunctionalityCreateProfilePageTest -->
