<?xml version="1.0" encoding="UTF-8"?>
<!-- Generated by org.testng.reporters.JUnitReportReporter -->
<testsuite hostname="IFOCUS-LT31" name="com.viacom.MostPopularAudioStories.Validating_MostpopularAudiostories_tray" tests="1" failures="0" timestamp="20 Jun 2018 13:57:12 GMT" time="68.962" errors="0">
  <testcase name="videoPlayback" time="68.962" classname="com.viacom.MostPopularAudioStories.Validating_MostpopularAudiostories_tray"/>
</testsuite> <!-- com.viacom.MostPopularAudioStories.Validating_MostpopularAudiostories_tray -->
