<?xml version="1.0" encoding="UTF-8"?>
<!-- Generated by org.testng.reporters.JUnitReportReporter -->
<testsuite hostname="IFOCUSODC-PC34" name="com.viacom.smoketestscripts.MultipleProfileFunctionalityTest" tests="1" failures="0" timestamp="21 Jun 2018 06:45:10 GMT" time="154.382" errors="0">
  <testcase name="multiProfileFunctionalityTest" time="154.382" classname="com.viacom.smoketestscripts.MultipleProfileFunctionalityTest"/>
</testsuite> <!-- com.viacom.smoketestscripts.MultipleProfileFunctionalityTest -->
