<?xml version="1.0" encoding="UTF-8"?>
<!-- Generated by org.testng.reporters.JUnitReportReporter -->
<testsuite hostname="IFOCUS-LT31" name="com.viacom.smoketestscripts.verifyapiTest" tests="1" failures="0" timestamp="20 Jun 2018 12:08:52 GMT" time="2.452" errors="0">
  <testcase name="verifyAPITest" time="2.452" classname="com.viacom.smoketestscripts.verifyapiTest"/>
</testsuite> <!-- com.viacom.smoketestscripts.verifyapiTest -->
