<?xml version="1.0" encoding="UTF-8"?>
<!-- Generated by org.testng.reporters.JUnitReportReporter -->
<testsuite hostname="IFOCUSODC-PC34" name="com.viacom.smokescripts_tab.Just_foryou_tab" tests="1" failures="0" timestamp="12 Jun 2018 10:00:06 GMT" time="229.641" errors="0">
  <testcase name="videoPlayback" time="229.641" classname="com.viacom.smokescripts_tab.Just_foryou_tab"/>
</testsuite> <!-- com.viacom.smokescripts_tab.Just_foryou_tab -->
