<?xml version="1.0" encoding="UTF-8"?>
<!-- Generated by org.testng.reporters.JUnitReportReporter -->
<testsuite hostname="IFOCUS-LT36" name="com.viacom.smoketestscripts.verifyAPI" tests="1" failures="0" timestamp="19 Jun 2018 11:33:27 GMT" time="6.686" errors="0">
  <testcase name="verifyAPITest" time="6.686" classname="com.viacom.smoketestscripts.verifyAPI"/>
</testsuite> <!-- com.viacom.smoketestscripts.verifyAPI -->
