<?xml version="1.0" encoding="UTF-8"?>
<!-- Generated by org.testng.reporters.JUnitReportReporter -->
<testsuite hostname="IFOCUSODC-PC34" name="com.viacom.smoketestscripts.SignupFunctionalityTest" tests="1" failures="0" timestamp="21 Jun 2018 10:20:05 GMT" time="651.446" errors="0">
  <testcase name="signUpFunctionality" time="651.446" classname="com.viacom.smoketestscripts.SignupFunctionalityTest"/>
</testsuite> <!-- com.viacom.smoketestscripts.SignupFunctionalityTest -->
