<?xml version="1.0" encoding="UTF-8"?>
<!-- Generated by org.testng.reporters.JUnitReportReporter -->
<testsuite hostname="IFOCUSODC-PC14" name="com.viacom.smoketestscripts.audioPlayerFunctionalityTest" tests="1" failures="0" timestamp="25 Jul 2018 04:24:33 GMT" time="116.302" errors="0">
  <testcase name="audioPlayerFunctionality" time="116.302" classname="com.viacom.smoketestscripts.audioPlayerFunctionalityTest"/>
</testsuite> <!-- com.viacom.smoketestscripts.audioPlayerFunctionalityTest -->
