<?xml version="1.0" encoding="UTF-8"?>
<!-- Generated by org.testng.reporters.JUnitReportReporter -->
<testsuite hostname="IFOCUSODC-PC34" name="com.viacom.smokescripts_tab.Masthead_carouselScripts_tab" tests="1" failures="0" timestamp="12 Jun 2018 09:16:28 GMT" time="62.696" errors="0">
  <testcase name="videoPlayback" time="62.696" classname="com.viacom.smokescripts_tab.Masthead_carouselScripts_tab"/>
</testsuite> <!-- com.viacom.smokescripts_tab.Masthead_carouselScripts_tab -->
